17:11:48 **** Incremental Build of configuration Debug for project LaboProg1Proj ****
make all 
Building file: ../src/ejercicios/ejrc1_clase7_arrparalelos.c
Invoking: GCC C Compiler
gcc -O0 -g3 -Wall -c -fmessage-length=0 -MMD -MP -MF"src/ejercicios/ejrc1_clase7_arrparalelos.d" -MT"src/ejercicios/ejrc1_clase7_arrparalelos.o" -o "src/ejercicios/ejrc1_clase7_arrparalelos.o" "../src/ejercicios/ejrc1_clase7_arrparalelos.c"
../src/ejercicios/ejrc1_clase7_arrparalelos.c: In function ‘startEjrc1Clase7ArrParl’:
../src/ejercicios/ejrc1_clase7_arrparalelos.c:42:6: warning: unused variable ‘i’ [-Wunused-variable]
  int i;
      ^
../src/ejercicios/ejrc1_clase7_arrparalelos.c: In function ‘_guardarDato’:
../src/ejercicios/ejrc1_clase7_arrparalelos.c:93:2: warning: format not a string literal and no format arguments [-Wformat-security]
  printf(pMssg);
  ^~~~~~
../src/ejercicios/ejrc1_clase7_arrparalelos.c: In function ‘_guardarDatoStr’:
../src/ejercicios/ejrc1_clase7_arrparalelos.c:98:2: warning: format not a string literal and no format arguments [-Wformat-security]
  printf(pMssg);
  ^~~~~~
Finished building: ../src/ejercicios/ejrc1_clase7_arrparalelos.c
 
Building target: LaboProg1Proj
Invoking: GCC C Linker
gcc  -o "LaboProg1Proj"  ./src/ejercicios/ejrc1_clase2.o ./src/ejercicios/ejrc1_clase3.o ./src/ejercicios/ejrc1_clase6.o ./src/ejercicios/ejrc1_clase7_arrparalelos.o ./src/ejercicios/ejrcA_clase2.o ./src/ejercicios/ejrcB_clase2.o ./src/ejercicios/ejrcC_clase2.o  ./src/commons/utn_commons.o  ./src/alg_fondo/ejrc1_4.o ./src/alg_fondo/ejrc1_8_nprim.o ./src/alg_fondo/ejrc2_12_planilla.o ./src/alg_fondo/ejrc2_13.o ./src/alg_fondo/ejrc3_3_bisiesto.o  ./src/LaboProg1Proj.o   
Finished building target: LaboProg1Proj
 
17:11:53 **** Incremental Build of configuration Debug for project LaboProg1Proj ****
make all 
make: No se hace nada para 'all'.
